{"level":"INFO","message":"[9:01:03.041 PM]: Creating new connection object"}
{"level":"INFO","message":"[9:01:03.051 PM]: Creating Connection[id: e7e118bf-18d3-445f-808e-f078747def78] with host: gv28284.ap-northeast-2.aws.snowflakecomputing.com, account: gv28284, accessUrl: https://gv28284.ap-northeast-2.aws.snowflakecomputing.com, user: HYUNM121, role: PU_SQL_SAP, database: FNF, schema: SAP_FNF, warehouse: DEV_WH, proxy was not configured, password is provided, region: ap-northeast-2.aws, authenticator: SNOWFLAKE, ocsp mode: FAIL_OPEN, os: win32, os version: 10.0.26200"}
{"level":"INFO","message":"[9:01:03.052 PM]: Connection[id: e7e118bf-18d3-445f-808e-f078747def78] additional details: passcode in password is provided, passcode is not provided, private key is not provided, application: undefined, client name: snowflake-sdk, client version: 2.3.1, retry timeout: 300, private key path: undefined, private key pass is not provided, client store temporary credential: false, browser response timeout: 120000"}
{"level":"INFO","message":"[9:01:03.052 PM]: Connection[id: e7e118bf-18d3-445f-808e-f078747def78] - connection object created successfully."}
{"level":"INFO","message":"[9:01:03.052 PM]: Connection[id: e7e118bf-18d3-445f-808e-f078747def78] - connecting. Associated Snowflake domain: GLOBAL"}
{"level":"INFO","message":"[9:01:03.053 PM]: Connection[id: e7e118bf-18d3-445f-808e-f078747def78] - authentication successful using: SNOWFLAKE"}
{"level":"INFO","message":"[9:01:03.053 PM]: Trying to initialize Easy Logging"}
{"level":"INFO","message":"[9:01:03.055 PM]: No client config detected."}
{"level":"INFO","message":"[9:01:03.055 PM]: No config file path found. Client config will not be used."}
{"level":"INFO","message":"[9:01:03.055 PM]: Easy Logging is disabled as no config has been found"}
{"level":"INFO","message":"[9:01:03.059 PM]: Connection[id: e7e118bf-18d3-445f-808e-f078747def78] - connected successfully after 6.53 milliseconds"}
{"level":"INFO","message":"[9:02:22.979 PM]: Creating new connection object"}
{"level":"INFO","message":"[9:02:22.987 PM]: Creating Connection[id: aeb02588-bba8-43b8-9005-96625a0a7f95] with host: gv28284.ap-northeast-2.aws.snowflakecomputing.com, account: gv28284, accessUrl: https://gv28284.ap-northeast-2.aws.snowflakecomputing.com, user: HYUNMI21, role: PU_SQL_SAP, database: FNF, schema: SAP_FNF, warehouse: DEV_WH, proxy was not configured, password is provided, region: ap-northeast-2.aws, authenticator: SNOWFLAKE, ocsp mode: FAIL_OPEN, os: win32, os version: 10.0.26200"}
{"level":"INFO","message":"[9:02:22.987 PM]: Connection[id: aeb02588-bba8-43b8-9005-96625a0a7f95] additional details: passcode in password is provided, passcode is not provided, private key is not provided, application: undefined, client name: snowflake-sdk, client version: 2.3.1, retry timeout: 300, private key path: undefined, private key pass is not provided, client store temporary credential: false, browser response timeout: 120000"}
{"level":"INFO","message":"[9:02:22.988 PM]: Connection[id: aeb02588-bba8-43b8-9005-96625a0a7f95] - connection object created successfully."}
{"level":"INFO","message":"[9:02:22.988 PM]: Connection[id: aeb02588-bba8-43b8-9005-96625a0a7f95] - connecting. Associated Snowflake domain: GLOBAL"}
{"level":"INFO","message":"[9:02:22.989 PM]: Connection[id: aeb02588-bba8-43b8-9005-96625a0a7f95] - authentication successful using: SNOWFLAKE"}
{"level":"INFO","message":"[9:02:22.989 PM]: Trying to initialize Easy Logging"}
{"level":"INFO","message":"[9:02:22.990 PM]: No client config detected."}
{"level":"INFO","message":"[9:02:22.991 PM]: No config file path found. Client config will not be used."}
{"level":"INFO","message":"[9:02:22.991 PM]: Easy Logging is disabled as no config has been found"}
{"level":"INFO","message":"[9:02:22.994 PM]: Connection[id: aeb02588-bba8-43b8-9005-96625a0a7f95] - connected successfully after 5.69 milliseconds"}
{"level":"INFO","message":"[10:01:44.763 PM]: Creating new connection object"}
{"level":"INFO","message":"[10:01:44.770 PM]: Creating Connection[id: 4923ddd4-b4b5-43ca-b19c-244009afa519] with host: gv28284.ap-northeast-2.aws.snowflakecomputing.com, account: gv28284, accessUrl: https://gv28284.ap-northeast-2.aws.snowflakecomputing.com, user: HYUNMI21, role: PU_SQL_SAP, database: FNF, schema: SAP_FNF, warehouse: DEV_WH, proxy was not configured, password is provided, region: ap-northeast-2.aws, authenticator: SNOWFLAKE, ocsp mode: FAIL_OPEN, os: win32, os version: 10.0.26200"}
{"level":"INFO","message":"[10:01:44.771 PM]: Connection[id: 4923ddd4-b4b5-43ca-b19c-244009afa519] additional details: passcode in password is provided, passcode is not provided, private key is not provided, application: undefined, client name: snowflake-sdk, client version: 2.3.1, retry timeout: 300, private key path: undefined, private key pass is not provided, client store temporary credential: false, browser response timeout: 120000"}
{"level":"INFO","message":"[10:01:44.771 PM]: Connection[id: 4923ddd4-b4b5-43ca-b19c-244009afa519] - connection object created successfully."}
{"level":"INFO","message":"[10:01:44.772 PM]: Connection[id: 4923ddd4-b4b5-43ca-b19c-244009afa519] - connecting. Associated Snowflake domain: GLOBAL"}
{"level":"INFO","message":"[10:01:44.772 PM]: Connection[id: 4923ddd4-b4b5-43ca-b19c-244009afa519] - authentication successful using: SNOWFLAKE"}
{"level":"INFO","message":"[10:01:44.773 PM]: Trying to initialize Easy Logging"}
{"level":"INFO","message":"[10:01:44.775 PM]: No client config detected."}
{"level":"INFO","message":"[10:01:44.776 PM]: No config file path found. Client config will not be used."}
{"level":"INFO","message":"[10:01:44.776 PM]: Easy Logging is disabled as no config has been found"}
{"level":"INFO","message":"[10:01:44.779 PM]: Connection[id: 4923ddd4-b4b5-43ca-b19c-244009afa519] - connected successfully after 7.09 milliseconds"}
{"level":"INFO","message":"[10:01:45.341 PM]: Creating new connection object"}
{"level":"INFO","message":"[10:01:45.342 PM]: Creating Connection[id: 78f6f006-ef57-475e-8378-079dbb460c7d] with host: gv28284.ap-northeast-2.aws.snowflakecomputing.com, account: gv28284, accessUrl: https://gv28284.ap-northeast-2.aws.snowflakecomputing.com, user: HYUNMI21, role: PU_SQL_SAP, database: FNF, schema: SAP_FNF, warehouse: DEV_WH, proxy was not configured, password is provided, region: ap-northeast-2.aws, authenticator: SNOWFLAKE, ocsp mode: FAIL_OPEN, os: win32, os version: 10.0.26200"}
{"level":"INFO","message":"[10:01:45.343 PM]: Connection[id: 78f6f006-ef57-475e-8378-079dbb460c7d] additional details: passcode in password is provided, passcode is not provided, private key is not provided, application: undefined, client name: snowflake-sdk, client version: 2.3.1, retry timeout: 300, private key path: undefined, private key pass is not provided, client store temporary credential: false, browser response timeout: 120000"}
{"level":"INFO","message":"[10:01:45.343 PM]: Connection[id: 78f6f006-ef57-475e-8378-079dbb460c7d] - connection object created successfully."}
{"level":"INFO","message":"[10:01:45.343 PM]: Connection[id: 78f6f006-ef57-475e-8378-079dbb460c7d] - connecting. Associated Snowflake domain: GLOBAL"}
{"level":"INFO","message":"[10:01:45.343 PM]: Connection[id: 78f6f006-ef57-475e-8378-079dbb460c7d] - authentication successful using: SNOWFLAKE"}
{"level":"INFO","message":"[10:01:45.344 PM]: Connection[id: 78f6f006-ef57-475e-8378-079dbb460c7d] - connected successfully after 0.92 milliseconds"}
{"level":"INFO","message":"[10:02:45.456 PM]: Creating new connection object"}
{"level":"INFO","message":"[10:02:45.466 PM]: Creating Connection[id: 8bdd7ce9-7f29-47b6-8049-8837d49d2500] with host: gv28284.ap-northeast-2.aws.snowflakecomputing.com, account: gv28284, accessUrl: https://gv28284.ap-northeast-2.aws.snowflakecomputing.com, user: HYUNMI21, role: PU_SQL_SAP, database: FNF, schema: SAP_FNF, warehouse: DEV_WH, proxy was not configured, password is provided, region: ap-northeast-2.aws, authenticator: SNOWFLAKE, ocsp mode: FAIL_OPEN, os: win32, os version: 10.0.26200"}
{"level":"INFO","message":"[10:02:45.466 PM]: Connection[id: 8bdd7ce9-7f29-47b6-8049-8837d49d2500] additional details: passcode in password is provided, passcode is not provided, private key is not provided, application: undefined, client name: snowflake-sdk, client version: 2.3.1, retry timeout: 300, private key path: undefined, private key pass is not provided, client store temporary credential: false, browser response timeout: 120000"}
{"level":"INFO","message":"[10:02:45.467 PM]: Connection[id: 8bdd7ce9-7f29-47b6-8049-8837d49d2500] - connection object created successfully."}
{"level":"INFO","message":"[10:02:45.467 PM]: Connection[id: 8bdd7ce9-7f29-47b6-8049-8837d49d2500] - connecting. Associated Snowflake domain: GLOBAL"}
{"level":"INFO","message":"[10:02:45.468 PM]: Connection[id: 8bdd7ce9-7f29-47b6-8049-8837d49d2500] - authentication successful using: SNOWFLAKE"}
{"level":"INFO","message":"[10:02:45.469 PM]: Trying to initialize Easy Logging"}
{"level":"INFO","message":"[10:02:45.471 PM]: No client config detected."}
{"level":"INFO","message":"[10:02:45.472 PM]: No config file path found. Client config will not be used."}
{"level":"INFO","message":"[10:02:45.472 PM]: Easy Logging is disabled as no config has been found"}
{"level":"INFO","message":"[10:02:45.476 PM]: Connection[id: 8bdd7ce9-7f29-47b6-8049-8837d49d2500] - connected successfully after 8.46 milliseconds"}
{"level":"INFO","message":"[10:02:46.081 PM]: Creating new connection object"}
{"level":"INFO","message":"[10:02:46.082 PM]: Creating Connection[id: 976934b4-21f0-48b5-8583-053098633b86] with host: gv28284.ap-northeast-2.aws.snowflakecomputing.com, account: gv28284, accessUrl: https://gv28284.ap-northeast-2.aws.snowflakecomputing.com, user: HYUNMI21, role: PU_SQL_SAP, database: FNF, schema: SAP_FNF, warehouse: DEV_WH, proxy was not configured, password is provided, region: ap-northeast-2.aws, authenticator: SNOWFLAKE, ocsp mode: FAIL_OPEN, os: win32, os version: 10.0.26200"}
{"level":"INFO","message":"[10:02:46.082 PM]: Connection[id: 976934b4-21f0-48b5-8583-053098633b86] additional details: passcode in password is provided, passcode is not provided, private key is not provided, application: undefined, client name: snowflake-sdk, client version: 2.3.1, retry timeout: 300, private key path: undefined, private key pass is not provided, client store temporary credential: false, browser response timeout: 120000"}
{"level":"INFO","message":"[10:02:46.082 PM]: Connection[id: 976934b4-21f0-48b5-8583-053098633b86] - connection object created successfully."}
{"level":"INFO","message":"[10:02:46.083 PM]: Connection[id: 976934b4-21f0-48b5-8583-053098633b86] - connecting. Associated Snowflake domain: GLOBAL"}
{"level":"INFO","message":"[10:02:46.083 PM]: Connection[id: 976934b4-21f0-48b5-8583-053098633b86] - authentication successful using: SNOWFLAKE"}
{"level":"INFO","message":"[10:02:46.084 PM]: Connection[id: 976934b4-21f0-48b5-8583-053098633b86] - connected successfully after 0.91 milliseconds"}
{"level":"INFO","message":"[10:07:45.124 PM]: Creating new connection object"}
{"level":"INFO","message":"[10:07:45.131 PM]: Creating Connection[id: 0462554f-171e-484f-8fff-9a52eeb8b7f0] with host: gv28284.ap-northeast-2.aws.snowflakecomputing.com, account: gv28284, accessUrl: https://gv28284.ap-northeast-2.aws.snowflakecomputing.com, user: HYUNMI21, role: PU_SQL_SAP, database: FNF, schema: SAP_FNF, warehouse: DEV_WH, proxy was not configured, password is provided, region: ap-northeast-2.aws, authenticator: SNOWFLAKE, ocsp mode: FAIL_OPEN, os: win32, os version: 10.0.26200"}
{"level":"INFO","message":"[10:07:45.131 PM]: Connection[id: 0462554f-171e-484f-8fff-9a52eeb8b7f0] additional details: passcode in password is provided, passcode is not provided, private key is not provided, application: undefined, client name: snowflake-sdk, client version: 2.3.1, retry timeout: 300, private key path: undefined, private key pass is not provided, client store temporary credential: false, browser response timeout: 120000"}
{"level":"INFO","message":"[10:07:45.132 PM]: Connection[id: 0462554f-171e-484f-8fff-9a52eeb8b7f0] - connection object created successfully."}
{"level":"INFO","message":"[10:07:45.132 PM]: Connection[id: 0462554f-171e-484f-8fff-9a52eeb8b7f0] - connecting. Associated Snowflake domain: GLOBAL"}
{"level":"INFO","message":"[10:07:45.133 PM]: Connection[id: 0462554f-171e-484f-8fff-9a52eeb8b7f0] - authentication successful using: SNOWFLAKE"}
{"level":"INFO","message":"[10:07:45.133 PM]: Trying to initialize Easy Logging"}
{"level":"INFO","message":"[10:07:45.135 PM]: No client config detected."}
{"level":"INFO","message":"[10:07:45.135 PM]: No config file path found. Client config will not be used."}
{"level":"INFO","message":"[10:07:45.136 PM]: Easy Logging is disabled as no config has been found"}
{"level":"INFO","message":"[10:07:45.140 PM]: Connection[id: 0462554f-171e-484f-8fff-9a52eeb8b7f0] - connected successfully after 7.26 milliseconds"}
{"level":"INFO","message":"[10:07:48.983 PM]: Creating new connection object"}
{"level":"INFO","message":"[10:07:48.983 PM]: Creating Connection[id: 0804a9f1-84ad-4348-8dac-3178a645964c] with host: gv28284.ap-northeast-2.aws.snowflakecomputing.com, account: gv28284, accessUrl: https://gv28284.ap-northeast-2.aws.snowflakecomputing.com, user: HYUNMI21, role: PU_SQL_SAP, database: FNF, schema: SAP_FNF, warehouse: DEV_WH, proxy was not configured, password is provided, region: ap-northeast-2.aws, authenticator: SNOWFLAKE, ocsp mode: FAIL_OPEN, os: win32, os version: 10.0.26200"}
{"level":"INFO","message":"[10:07:48.983 PM]: Connection[id: 0804a9f1-84ad-4348-8dac-3178a645964c] additional details: passcode in password is provided, passcode is not provided, private key is not provided, application: undefined, client name: snowflake-sdk, client version: 2.3.1, retry timeout: 300, private key path: undefined, private key pass is not provided, client store temporary credential: false, browser response timeout: 120000"}
{"level":"INFO","message":"[10:07:48.984 PM]: Connection[id: 0804a9f1-84ad-4348-8dac-3178a645964c] - connection object created successfully."}
{"level":"INFO","message":"[10:07:48.984 PM]: Connection[id: 0804a9f1-84ad-4348-8dac-3178a645964c] - connecting. Associated Snowflake domain: GLOBAL"}
{"level":"INFO","message":"[10:07:48.984 PM]: Connection[id: 0804a9f1-84ad-4348-8dac-3178a645964c] - authentication successful using: SNOWFLAKE"}
{"level":"INFO","message":"[10:07:48.985 PM]: Connection[id: 0804a9f1-84ad-4348-8dac-3178a645964c] - connected successfully after 0.89 milliseconds"}
{"level":"INFO","message":"[10:07:53.747 PM]: Creating new connection object"}
{"level":"INFO","message":"[10:07:53.747 PM]: Creating Connection[id: 9e4cf356-bb03-44e5-b46f-2be395160d52] with host: gv28284.ap-northeast-2.aws.snowflakecomputing.com, account: gv28284, accessUrl: https://gv28284.ap-northeast-2.aws.snowflakecomputing.com, user: HYUNMI21, role: PU_SQL_SAP, database: FNF, schema: SAP_FNF, warehouse: DEV_WH, proxy was not configured, password is provided, region: ap-northeast-2.aws, authenticator: SNOWFLAKE, ocsp mode: FAIL_OPEN, os: win32, os version: 10.0.26200"}
{"level":"INFO","message":"[10:07:53.748 PM]: Connection[id: 9e4cf356-bb03-44e5-b46f-2be395160d52] additional details: passcode in password is provided, passcode is not provided, private key is not provided, application: undefined, client name: snowflake-sdk, client version: 2.3.1, retry timeout: 300, private key path: undefined, private key pass is not provided, client store temporary credential: false, browser response timeout: 120000"}
{"level":"INFO","message":"[10:07:53.748 PM]: Connection[id: 9e4cf356-bb03-44e5-b46f-2be395160d52] - connection object created successfully."}
{"level":"INFO","message":"[10:07:53.748 PM]: Connection[id: 9e4cf356-bb03-44e5-b46f-2be395160d52] - connecting. Associated Snowflake domain: GLOBAL"}
{"level":"INFO","message":"[10:07:53.748 PM]: Connection[id: 9e4cf356-bb03-44e5-b46f-2be395160d52] - authentication successful using: SNOWFLAKE"}
{"level":"INFO","message":"[10:07:53.749 PM]: Connection[id: 9e4cf356-bb03-44e5-b46f-2be395160d52] - connected successfully after 0.93 milliseconds"}
{"level":"INFO","message":"[10:09:41.338 PM]: Creating new connection object"}
{"level":"INFO","message":"[10:09:41.342 PM]: Creating Connection[id: f1cecf75-e4c8-499c-b6ea-4a90ec039a04] with host: gv28284.ap-northeast-2.aws.snowflakecomputing.com, account: gv28284, accessUrl: https://gv28284.ap-northeast-2.aws.snowflakecomputing.com, user: HYUNMI21, role: PU_SQL_SAP, database: FNF, schema: SAP_FNF, warehouse: DEV_WH, proxy was not configured, password is provided, region: ap-northeast-2.aws, authenticator: SNOWFLAKE, ocsp mode: FAIL_OPEN, os: win32, os version: 10.0.26200"}
{"level":"INFO","message":"[10:09:41.342 PM]: Connection[id: f1cecf75-e4c8-499c-b6ea-4a90ec039a04] additional details: passcode in password is provided, passcode is not provided, private key is not provided, application: undefined, client name: snowflake-sdk, client version: 2.3.1, retry timeout: 300, private key path: undefined, private key pass is not provided, client store temporary credential: false, browser response timeout: 120000"}
{"level":"INFO","message":"[10:09:41.343 PM]: Connection[id: f1cecf75-e4c8-499c-b6ea-4a90ec039a04] - connection object created successfully."}
{"level":"INFO","message":"[10:09:41.343 PM]: Connection[id: f1cecf75-e4c8-499c-b6ea-4a90ec039a04] - connecting. Associated Snowflake domain: GLOBAL"}
{"level":"INFO","message":"[10:09:41.343 PM]: Connection[id: f1cecf75-e4c8-499c-b6ea-4a90ec039a04] - authentication successful using: SNOWFLAKE"}
{"level":"INFO","message":"[10:09:41.345 PM]: Connection[id: f1cecf75-e4c8-499c-b6ea-4a90ec039a04] - connected successfully after 1.96 milliseconds"}
{"level":"INFO","message":"[10:09:44.454 PM]: Creating new connection object"}
{"level":"INFO","message":"[10:09:44.454 PM]: Creating Connection[id: 5e302562-24c0-4f58-b8ed-874e0a6e34e3] with host: gv28284.ap-northeast-2.aws.snowflakecomputing.com, account: gv28284, accessUrl: https://gv28284.ap-northeast-2.aws.snowflakecomputing.com, user: HYUNMI21, role: PU_SQL_SAP, database: FNF, schema: SAP_FNF, warehouse: DEV_WH, proxy was not configured, password is provided, region: ap-northeast-2.aws, authenticator: SNOWFLAKE, ocsp mode: FAIL_OPEN, os: win32, os version: 10.0.26200"}
{"level":"INFO","message":"[10:09:44.455 PM]: Connection[id: 5e302562-24c0-4f58-b8ed-874e0a6e34e3] additional details: passcode in password is provided, passcode is not provided, private key is not provided, application: undefined, client name: snowflake-sdk, client version: 2.3.1, retry timeout: 300, private key path: undefined, private key pass is not provided, client store temporary credential: false, browser response timeout: 120000"}
{"level":"INFO","message":"[10:09:44.455 PM]: Connection[id: 5e302562-24c0-4f58-b8ed-874e0a6e34e3] - connection object created successfully."}
{"level":"INFO","message":"[10:09:44.455 PM]: Connection[id: 5e302562-24c0-4f58-b8ed-874e0a6e34e3] - connecting. Associated Snowflake domain: GLOBAL"}
{"level":"INFO","message":"[10:09:44.455 PM]: Connection[id: 5e302562-24c0-4f58-b8ed-874e0a6e34e3] - authentication successful using: SNOWFLAKE"}
{"level":"INFO","message":"[10:09:44.456 PM]: Connection[id: 5e302562-24c0-4f58-b8ed-874e0a6e34e3] - connected successfully after 0.65 milliseconds"}
{"level":"INFO","message":"[10:09:53.237 PM]: Creating new connection object"}
{"level":"INFO","message":"[10:09:53.245 PM]: Creating Connection[id: 3d50760d-b128-4953-9024-e6531f9ac189] with host: gv28284.ap-northeast-2.aws.snowflakecomputing.com, account: gv28284, accessUrl: https://gv28284.ap-northeast-2.aws.snowflakecomputing.com, user: HYUNMI21, role: PU_SQL_SAP, database: FNF, schema: SAP_FNF, warehouse: DEV_WH, proxy was not configured, password is provided, region: ap-northeast-2.aws, authenticator: SNOWFLAKE, ocsp mode: FAIL_OPEN, os: win32, os version: 10.0.26200"}
{"level":"INFO","message":"[10:09:53.246 PM]: Connection[id: 3d50760d-b128-4953-9024-e6531f9ac189] additional details: passcode in password is provided, passcode is not provided, private key is not provided, application: undefined, client name: snowflake-sdk, client version: 2.3.1, retry timeout: 300, private key path: undefined, private key pass is not provided, client store temporary credential: false, browser response timeout: 120000"}
{"level":"INFO","message":"[10:09:53.246 PM]: Connection[id: 3d50760d-b128-4953-9024-e6531f9ac189] - connection object created successfully."}
{"level":"INFO","message":"[10:09:53.247 PM]: Connection[id: 3d50760d-b128-4953-9024-e6531f9ac189] - connecting. Associated Snowflake domain: GLOBAL"}
{"level":"INFO","message":"[10:09:53.247 PM]: Connection[id: 3d50760d-b128-4953-9024-e6531f9ac189] - authentication successful using: SNOWFLAKE"}
{"level":"INFO","message":"[10:09:53.247 PM]: Trying to initialize Easy Logging"}
{"level":"INFO","message":"[10:09:53.265 PM]: No client config detected."}
{"level":"INFO","message":"[10:09:53.265 PM]: No config file path found. Client config will not be used."}
{"level":"INFO","message":"[10:09:53.265 PM]: Easy Logging is disabled as no config has been found"}
{"level":"INFO","message":"[10:09:53.268 PM]: Connection[id: 3d50760d-b128-4953-9024-e6531f9ac189] - connected successfully after 21.68 milliseconds"}
{"level":"INFO","message":"[10:09:54.857 PM]: Creating new connection object"}
{"level":"INFO","message":"[10:09:54.859 PM]: Creating Connection[id: 861eebff-9bdc-4788-b6b6-20c65f6d0e9b] with host: gv28284.ap-northeast-2.aws.snowflakecomputing.com, account: gv28284, accessUrl: https://gv28284.ap-northeast-2.aws.snowflakecomputing.com, user: HYUNMI21, role: PU_SQL_SAP, database: FNF, schema: SAP_FNF, warehouse: DEV_WH, proxy was not configured, password is provided, region: ap-northeast-2.aws, authenticator: SNOWFLAKE, ocsp mode: FAIL_OPEN, os: win32, os version: 10.0.26200"}
{"level":"INFO","message":"[10:09:54.860 PM]: Connection[id: 861eebff-9bdc-4788-b6b6-20c65f6d0e9b] additional details: passcode in password is provided, passcode is not provided, private key is not provided, application: undefined, client name: snowflake-sdk, client version: 2.3.1, retry timeout: 300, private key path: undefined, private key pass is not provided, client store temporary credential: false, browser response timeout: 120000"}
{"level":"INFO","message":"[10:09:54.860 PM]: Connection[id: 861eebff-9bdc-4788-b6b6-20c65f6d0e9b] - connection object created successfully."}
{"level":"INFO","message":"[10:09:54.860 PM]: Connection[id: 861eebff-9bdc-4788-b6b6-20c65f6d0e9b] - connecting. Associated Snowflake domain: GLOBAL"}
{"level":"INFO","message":"[10:09:54.860 PM]: Connection[id: 861eebff-9bdc-4788-b6b6-20c65f6d0e9b] - authentication successful using: SNOWFLAKE"}
{"level":"INFO","message":"[10:09:54.861 PM]: Trying to initialize Easy Logging"}
{"level":"INFO","message":"[10:09:54.869 PM]: No client config detected."}
{"level":"INFO","message":"[10:09:54.869 PM]: No config file path found. Client config will not be used."}
{"level":"INFO","message":"[10:09:54.869 PM]: Easy Logging is disabled as no config has been found"}
{"level":"INFO","message":"[10:09:54.870 PM]: Connection[id: 861eebff-9bdc-4788-b6b6-20c65f6d0e9b] - connected successfully after 10.1 milliseconds"}
{"level":"INFO","message":"[10:10:01.773 PM]: Creating new connection object"}
{"level":"INFO","message":"[10:10:01.776 PM]: Creating Connection[id: 70428941-1fce-45b4-95c2-8914e6ad24d2] with host: gv28284.ap-northeast-2.aws.snowflakecomputing.com, account: gv28284, accessUrl: https://gv28284.ap-northeast-2.aws.snowflakecomputing.com, user: HYUNMI21, role: PU_SQL_SAP, database: FNF, schema: SAP_FNF, warehouse: DEV_WH, proxy was not configured, password is provided, region: ap-northeast-2.aws, authenticator: SNOWFLAKE, ocsp mode: FAIL_OPEN, os: win32, os version: 10.0.26200"}
{"level":"INFO","message":"[10:10:01.776 PM]: Connection[id: 70428941-1fce-45b4-95c2-8914e6ad24d2] additional details: passcode in password is provided, passcode is not provided, private key is not provided, application: undefined, client name: snowflake-sdk, client version: 2.3.1, retry timeout: 300, private key path: undefined, private key pass is not provided, client store temporary credential: false, browser response timeout: 120000"}
{"level":"INFO","message":"[10:10:01.777 PM]: Connection[id: 70428941-1fce-45b4-95c2-8914e6ad24d2] - connection object created successfully."}
{"level":"INFO","message":"[10:10:01.777 PM]: Connection[id: 70428941-1fce-45b4-95c2-8914e6ad24d2] - connecting. Associated Snowflake domain: GLOBAL"}
{"level":"INFO","message":"[10:10:01.777 PM]: Connection[id: 70428941-1fce-45b4-95c2-8914e6ad24d2] - authentication successful using: SNOWFLAKE"}
{"level":"INFO","message":"[10:10:01.777 PM]: Trying to initialize Easy Logging"}
{"level":"INFO","message":"[10:10:01.779 PM]: No client config detected."}
{"level":"INFO","message":"[10:10:01.779 PM]: No config file path found. Client config will not be used."}
{"level":"INFO","message":"[10:10:01.779 PM]: Easy Logging is disabled as no config has been found"}
{"level":"INFO","message":"[10:10:01.780 PM]: Connection[id: 70428941-1fce-45b4-95c2-8914e6ad24d2] - connected successfully after 3.42 milliseconds"}
{"level":"INFO","message":"[10:10:04.653 PM]: Creating new connection object"}
{"level":"INFO","message":"[10:10:04.654 PM]: Creating Connection[id: f7ee5fa2-75fd-4e71-a4b1-c69c177ae22e] with host: gv28284.ap-northeast-2.aws.snowflakecomputing.com, account: gv28284, accessUrl: https://gv28284.ap-northeast-2.aws.snowflakecomputing.com, user: HYUNMI21, role: PU_SQL_SAP, database: FNF, schema: SAP_FNF, warehouse: DEV_WH, proxy was not configured, password is provided, region: ap-northeast-2.aws, authenticator: SNOWFLAKE, ocsp mode: FAIL_OPEN, os: win32, os version: 10.0.26200"}
{"level":"INFO","message":"[10:10:04.654 PM]: Connection[id: f7ee5fa2-75fd-4e71-a4b1-c69c177ae22e] additional details: passcode in password is provided, passcode is not provided, private key is not provided, application: undefined, client name: snowflake-sdk, client version: 2.3.1, retry timeout: 300, private key path: undefined, private key pass is not provided, client store temporary credential: false, browser response timeout: 120000"}
{"level":"INFO","message":"[10:10:04.655 PM]: Connection[id: f7ee5fa2-75fd-4e71-a4b1-c69c177ae22e] - connection object created successfully."}
{"level":"INFO","message":"[10:10:04.655 PM]: Connection[id: f7ee5fa2-75fd-4e71-a4b1-c69c177ae22e] - connecting. Associated Snowflake domain: GLOBAL"}
{"level":"INFO","message":"[10:10:04.655 PM]: Connection[id: f7ee5fa2-75fd-4e71-a4b1-c69c177ae22e] - authentication successful using: SNOWFLAKE"}
{"level":"INFO","message":"[10:10:04.656 PM]: Connection[id: f7ee5fa2-75fd-4e71-a4b1-c69c177ae22e] - connected successfully after 0.85 milliseconds"}
{"level":"INFO","message":"[10:11:45.397 PM]: Creating new connection object"}
{"level":"INFO","message":"[10:11:45.406 PM]: Creating Connection[id: 628b785c-c088-407f-bf5c-39e17b0e420a] with host: gv28284.ap-northeast-2.aws.snowflakecomputing.com, account: gv28284, accessUrl: https://gv28284.ap-northeast-2.aws.snowflakecomputing.com, user: HYUNMI21, role: PU_SQL_SAP, database: FNF, schema: SAP_FNF, warehouse: DEV_WH, proxy was not configured, password is provided, region: ap-northeast-2.aws, authenticator: SNOWFLAKE, ocsp mode: FAIL_OPEN, os: win32, os version: 10.0.26200"}
{"level":"INFO","message":"[10:11:45.406 PM]: Connection[id: 628b785c-c088-407f-bf5c-39e17b0e420a] additional details: passcode in password is provided, passcode is not provided, private key is not provided, application: undefined, client name: snowflake-sdk, client version: 2.3.1, retry timeout: 300, private key path: undefined, private key pass is not provided, client store temporary credential: false, browser response timeout: 120000"}
{"level":"INFO","message":"[10:11:45.407 PM]: Connection[id: 628b785c-c088-407f-bf5c-39e17b0e420a] - connection object created successfully."}
{"level":"INFO","message":"[10:11:45.407 PM]: Connection[id: 628b785c-c088-407f-bf5c-39e17b0e420a] - connecting. Associated Snowflake domain: GLOBAL"}
{"level":"INFO","message":"[10:11:45.408 PM]: Connection[id: 628b785c-c088-407f-bf5c-39e17b0e420a] - authentication successful using: SNOWFLAKE"}
{"level":"INFO","message":"[10:11:45.408 PM]: Trying to initialize Easy Logging"}
{"level":"INFO","message":"[10:11:45.417 PM]: No client config detected."}
{"level":"INFO","message":"[10:11:45.418 PM]: No config file path found. Client config will not be used."}
{"level":"INFO","message":"[10:11:45.418 PM]: Easy Logging is disabled as no config has been found"}
{"level":"INFO","message":"[10:11:45.421 PM]: Connection[id: 628b785c-c088-407f-bf5c-39e17b0e420a] - connected successfully after 13.81 milliseconds"}
{"level":"INFO","message":"[10:11:49.091 PM]: Creating new connection object"}
{"level":"INFO","message":"[10:11:49.091 PM]: Creating Connection[id: ae461e2a-4d4c-4ef4-a043-f5cbd72e0a6a] with host: gv28284.ap-northeast-2.aws.snowflakecomputing.com, account: gv28284, accessUrl: https://gv28284.ap-northeast-2.aws.snowflakecomputing.com, user: HYUNMI21, role: PU_SQL_SAP, database: FNF, schema: SAP_FNF, warehouse: DEV_WH, proxy was not configured, password is provided, region: ap-northeast-2.aws, authenticator: SNOWFLAKE, ocsp mode: FAIL_OPEN, os: win32, os version: 10.0.26200"}
{"level":"INFO","message":"[10:11:49.092 PM]: Connection[id: ae461e2a-4d4c-4ef4-a043-f5cbd72e0a6a] additional details: passcode in password is provided, passcode is not provided, private key is not provided, application: undefined, client name: snowflake-sdk, client version: 2.3.1, retry timeout: 300, private key path: undefined, private key pass is not provided, client store temporary credential: false, browser response timeout: 120000"}
{"level":"INFO","message":"[10:11:49.092 PM]: Connection[id: ae461e2a-4d4c-4ef4-a043-f5cbd72e0a6a] - connection object created successfully."}
{"level":"INFO","message":"[10:11:49.092 PM]: Connection[id: ae461e2a-4d4c-4ef4-a043-f5cbd72e0a6a] - connecting. Associated Snowflake domain: GLOBAL"}
{"level":"INFO","message":"[10:11:49.092 PM]: Connection[id: ae461e2a-4d4c-4ef4-a043-f5cbd72e0a6a] - authentication successful using: SNOWFLAKE"}
{"level":"INFO","message":"[10:11:49.093 PM]: Connection[id: ae461e2a-4d4c-4ef4-a043-f5cbd72e0a6a] - connected successfully after 0.89 milliseconds"}
{"level":"INFO","message":"[10:11:54.638 PM]: Creating new connection object"}
{"level":"INFO","message":"[10:11:54.639 PM]: Creating Connection[id: 8ab5d71a-3032-4eb3-b31a-5303632d19f1] with host: gv28284.ap-northeast-2.aws.snowflakecomputing.com, account: gv28284, accessUrl: https://gv28284.ap-northeast-2.aws.snowflakecomputing.com, user: HYUNMI21, role: PU_SQL_SAP, database: FNF, schema: SAP_FNF, warehouse: DEV_WH, proxy was not configured, password is provided, region: ap-northeast-2.aws, authenticator: SNOWFLAKE, ocsp mode: FAIL_OPEN, os: win32, os version: 10.0.26200"}
{"level":"INFO","message":"[10:11:54.639 PM]: Connection[id: 8ab5d71a-3032-4eb3-b31a-5303632d19f1] additional details: passcode in password is provided, passcode is not provided, private key is not provided, application: undefined, client name: snowflake-sdk, client version: 2.3.1, retry timeout: 300, private key path: undefined, private key pass is not provided, client store temporary credential: false, browser response timeout: 120000"}
{"level":"INFO","message":"[10:11:54.639 PM]: Connection[id: 8ab5d71a-3032-4eb3-b31a-5303632d19f1] - connection object created successfully."}
{"level":"INFO","message":"[10:11:54.639 PM]: Connection[id: 8ab5d71a-3032-4eb3-b31a-5303632d19f1] - connecting. Associated Snowflake domain: GLOBAL"}
{"level":"INFO","message":"[10:11:54.640 PM]: Connection[id: 8ab5d71a-3032-4eb3-b31a-5303632d19f1] - authentication successful using: SNOWFLAKE"}
{"level":"INFO","message":"[10:11:54.640 PM]: Connection[id: 8ab5d71a-3032-4eb3-b31a-5303632d19f1] - connected successfully after 0.81 milliseconds"}
{"level":"INFO","message":"[10:11:55.274 PM]: Creating new connection object"}
{"level":"INFO","message":"[10:11:55.275 PM]: Creating Connection[id: 677388d8-1dec-482e-8b40-5e89a8c8ba4c] with host: gv28284.ap-northeast-2.aws.snowflakecomputing.com, account: gv28284, accessUrl: https://gv28284.ap-northeast-2.aws.snowflakecomputing.com, user: HYUNMI21, role: PU_SQL_SAP, database: FNF, schema: SAP_FNF, warehouse: DEV_WH, proxy was not configured, password is provided, region: ap-northeast-2.aws, authenticator: SNOWFLAKE, ocsp mode: FAIL_OPEN, os: win32, os version: 10.0.26200"}
{"level":"INFO","message":"[10:11:55.275 PM]: Connection[id: 677388d8-1dec-482e-8b40-5e89a8c8ba4c] additional details: passcode in password is provided, passcode is not provided, private key is not provided, application: undefined, client name: snowflake-sdk, client version: 2.3.1, retry timeout: 300, private key path: undefined, private key pass is not provided, client store temporary credential: false, browser response timeout: 120000"}
{"level":"INFO","message":"[10:11:55.276 PM]: Connection[id: 677388d8-1dec-482e-8b40-5e89a8c8ba4c] - connection object created successfully."}
{"level":"INFO","message":"[10:11:55.276 PM]: Connection[id: 677388d8-1dec-482e-8b40-5e89a8c8ba4c] - connecting. Associated Snowflake domain: GLOBAL"}
{"level":"INFO","message":"[10:11:55.276 PM]: Connection[id: 677388d8-1dec-482e-8b40-5e89a8c8ba4c] - authentication successful using: SNOWFLAKE"}
{"level":"INFO","message":"[10:11:55.277 PM]: Connection[id: 677388d8-1dec-482e-8b40-5e89a8c8ba4c] - connected successfully after 0.92 milliseconds"}
{"level":"INFO","message":"[10:14:56.566 PM]: Creating new connection object"}
{"level":"INFO","message":"[10:14:56.573 PM]: Creating Connection[id: 4daba58d-eb52-472f-bc19-dbb35c755d4e] with host: gv28284.ap-northeast-2.aws.snowflakecomputing.com, account: gv28284, accessUrl: https://gv28284.ap-northeast-2.aws.snowflakecomputing.com, user: HYUNMI21, role: PU_SQL_SAP, database: FNF, schema: SAP_FNF, warehouse: DEV_WH, proxy was not configured, password is provided, region: ap-northeast-2.aws, authenticator: SNOWFLAKE, ocsp mode: FAIL_OPEN, os: win32, os version: 10.0.26200"}
{"level":"INFO","message":"[10:14:56.574 PM]: Connection[id: 4daba58d-eb52-472f-bc19-dbb35c755d4e] additional details: passcode in password is provided, passcode is not provided, private key is not provided, application: undefined, client name: snowflake-sdk, client version: 2.3.1, retry timeout: 300, private key path: undefined, private key pass is not provided, client store temporary credential: false, browser response timeout: 120000"}
{"level":"INFO","message":"[10:14:56.574 PM]: Connection[id: 4daba58d-eb52-472f-bc19-dbb35c755d4e] - connection object created successfully."}
{"level":"INFO","message":"[10:14:56.575 PM]: Connection[id: 4daba58d-eb52-472f-bc19-dbb35c755d4e] - connecting. Associated Snowflake domain: GLOBAL"}
{"level":"INFO","message":"[10:14:56.575 PM]: Connection[id: 4daba58d-eb52-472f-bc19-dbb35c755d4e] - authentication successful using: SNOWFLAKE"}
{"level":"INFO","message":"[10:14:56.576 PM]: Trying to initialize Easy Logging"}
{"level":"INFO","message":"[10:14:56.580 PM]: No client config detected."}
{"level":"INFO","message":"[10:14:56.580 PM]: No config file path found. Client config will not be used."}
{"level":"INFO","message":"[10:14:56.580 PM]: Easy Logging is disabled as no config has been found"}
{"level":"INFO","message":"[10:14:56.582 PM]: Connection[id: 4daba58d-eb52-472f-bc19-dbb35c755d4e] - connected successfully after 7.58 milliseconds"}
{"level":"INFO","message":"[10:14:58.560 PM]: Creating new connection object"}
{"level":"INFO","message":"[10:14:58.561 PM]: Creating Connection[id: bf2dcb09-1e04-4978-83db-6ef870abf568] with host: gv28284.ap-northeast-2.aws.snowflakecomputing.com, account: gv28284, accessUrl: https://gv28284.ap-northeast-2.aws.snowflakecomputing.com, user: HYUNMI21, role: PU_SQL_SAP, database: FNF, schema: SAP_FNF, warehouse: DEV_WH, proxy was not configured, password is provided, region: ap-northeast-2.aws, authenticator: SNOWFLAKE, ocsp mode: FAIL_OPEN, os: win32, os version: 10.0.26200"}
{"level":"INFO","message":"[10:14:58.561 PM]: Connection[id: bf2dcb09-1e04-4978-83db-6ef870abf568] additional details: passcode in password is provided, passcode is not provided, private key is not provided, application: undefined, client name: snowflake-sdk, client version: 2.3.1, retry timeout: 300, private key path: undefined, private key pass is not provided, client store temporary credential: false, browser response timeout: 120000"}
{"level":"INFO","message":"[10:14:58.562 PM]: Connection[id: bf2dcb09-1e04-4978-83db-6ef870abf568] - connection object created successfully."}
{"level":"INFO","message":"[10:14:58.562 PM]: Connection[id: bf2dcb09-1e04-4978-83db-6ef870abf568] - connecting. Associated Snowflake domain: GLOBAL"}
{"level":"INFO","message":"[10:14:58.562 PM]: Connection[id: bf2dcb09-1e04-4978-83db-6ef870abf568] - authentication successful using: SNOWFLAKE"}
{"level":"INFO","message":"[10:14:58.563 PM]: Connection[id: bf2dcb09-1e04-4978-83db-6ef870abf568] - connected successfully after 1.16 milliseconds"}
{"level":"INFO","message":"[10:15:34.974 PM]: Creating new connection object"}
{"level":"INFO","message":"[10:15:34.977 PM]: Creating Connection[id: 7dd69632-7ce1-4225-90e0-4ba8c2a88f25] with host: gv28284.ap-northeast-2.aws.snowflakecomputing.com, account: gv28284, accessUrl: https://gv28284.ap-northeast-2.aws.snowflakecomputing.com, user: HYUNMI21, role: PU_SQL_SAP, database: FNF, schema: SAP_FNF, warehouse: DEV_WH, proxy was not configured, password is provided, region: ap-northeast-2.aws, authenticator: SNOWFLAKE, ocsp mode: FAIL_OPEN, os: win32, os version: 10.0.26200"}
{"level":"INFO","message":"[10:15:34.978 PM]: Connection[id: 7dd69632-7ce1-4225-90e0-4ba8c2a88f25] additional details: passcode in password is provided, passcode is not provided, private key is not provided, application: undefined, client name: snowflake-sdk, client version: 2.3.1, retry timeout: 300, private key path: undefined, private key pass is not provided, client store temporary credential: false, browser response timeout: 120000"}
{"level":"INFO","message":"[10:15:34.978 PM]: Connection[id: 7dd69632-7ce1-4225-90e0-4ba8c2a88f25] - connection object created successfully."}
{"level":"INFO","message":"[10:15:34.978 PM]: Connection[id: 7dd69632-7ce1-4225-90e0-4ba8c2a88f25] - connecting. Associated Snowflake domain: GLOBAL"}
{"level":"INFO","message":"[10:15:34.978 PM]: Connection[id: 7dd69632-7ce1-4225-90e0-4ba8c2a88f25] - authentication successful using: SNOWFLAKE"}
{"level":"INFO","message":"[10:15:34.978 PM]: Trying to initialize Easy Logging"}
{"level":"INFO","message":"[10:15:34.980 PM]: No client config detected."}
{"level":"INFO","message":"[10:15:34.980 PM]: No config file path found. Client config will not be used."}
{"level":"INFO","message":"[10:15:34.980 PM]: Easy Logging is disabled as no config has been found"}
{"level":"INFO","message":"[10:15:34.981 PM]: Connection[id: 7dd69632-7ce1-4225-90e0-4ba8c2a88f25] - connected successfully after 3 milliseconds"}
{"level":"INFO","message":"[10:15:36.319 PM]: Creating new connection object"}
{"level":"INFO","message":"[10:15:36.319 PM]: Creating Connection[id: 433e9040-b6cf-4248-a7ab-364d8a1a018f] with host: gv28284.ap-northeast-2.aws.snowflakecomputing.com, account: gv28284, accessUrl: https://gv28284.ap-northeast-2.aws.snowflakecomputing.com, user: HYUNMI21, role: PU_SQL_SAP, database: FNF, schema: SAP_FNF, warehouse: DEV_WH, proxy was not configured, password is provided, region: ap-northeast-2.aws, authenticator: SNOWFLAKE, ocsp mode: FAIL_OPEN, os: win32, os version: 10.0.26200"}
{"level":"INFO","message":"[10:15:36.319 PM]: Connection[id: 433e9040-b6cf-4248-a7ab-364d8a1a018f] additional details: passcode in password is provided, passcode is not provided, private key is not provided, application: undefined, client name: snowflake-sdk, client version: 2.3.1, retry timeout: 300, private key path: undefined, private key pass is not provided, client store temporary credential: false, browser response timeout: 120000"}
{"level":"INFO","message":"[10:15:36.320 PM]: Connection[id: 433e9040-b6cf-4248-a7ab-364d8a1a018f] - connection object created successfully."}
{"level":"INFO","message":"[10:15:36.320 PM]: Connection[id: 433e9040-b6cf-4248-a7ab-364d8a1a018f] - connecting. Associated Snowflake domain: GLOBAL"}
{"level":"INFO","message":"[10:15:36.320 PM]: Connection[id: 433e9040-b6cf-4248-a7ab-364d8a1a018f] - authentication successful using: SNOWFLAKE"}
{"level":"INFO","message":"[10:15:36.320 PM]: Connection[id: 433e9040-b6cf-4248-a7ab-364d8a1a018f] - connected successfully after 0.68 milliseconds"}
{"level":"INFO","message":"[10:16:28.972 PM]: Creating new connection object"}
{"level":"INFO","message":"[10:16:28.977 PM]: Creating Connection[id: 91e567f5-2acd-4b84-8347-8f40b44a912e] with host: gv28284.ap-northeast-2.aws.snowflakecomputing.com, account: gv28284, accessUrl: https://gv28284.ap-northeast-2.aws.snowflakecomputing.com, user: HYUNMI21, role: PU_SQL_SAP, database: FNF, schema: SAP_FNF, warehouse: DEV_WH, proxy was not configured, password is provided, region: ap-northeast-2.aws, authenticator: SNOWFLAKE, ocsp mode: FAIL_OPEN, os: win32, os version: 10.0.26200"}
{"level":"INFO","message":"[10:16:28.977 PM]: Connection[id: 91e567f5-2acd-4b84-8347-8f40b44a912e] additional details: passcode in password is provided, passcode is not provided, private key is not provided, application: undefined, client name: snowflake-sdk, client version: 2.3.1, retry timeout: 300, private key path: undefined, private key pass is not provided, client store temporary credential: false, browser response timeout: 120000"}
{"level":"INFO","message":"[10:16:28.978 PM]: Connection[id: 91e567f5-2acd-4b84-8347-8f40b44a912e] - connection object created successfully."}
{"level":"INFO","message":"[10:16:28.978 PM]: Connection[id: 91e567f5-2acd-4b84-8347-8f40b44a912e] - connecting. Associated Snowflake domain: GLOBAL"}
{"level":"INFO","message":"[10:16:28.978 PM]: Connection[id: 91e567f5-2acd-4b84-8347-8f40b44a912e] - authentication successful using: SNOWFLAKE"}
{"level":"INFO","message":"[10:16:28.978 PM]: Trying to initialize Easy Logging"}
{"level":"INFO","message":"[10:16:28.980 PM]: No client config detected."}
{"level":"INFO","message":"[10:16:28.981 PM]: No config file path found. Client config will not be used."}
{"level":"INFO","message":"[10:16:28.981 PM]: Easy Logging is disabled as no config has been found"}
{"level":"INFO","message":"[10:16:28.982 PM]: Connection[id: 91e567f5-2acd-4b84-8347-8f40b44a912e] - connected successfully after 4.25 milliseconds"}
{"level":"INFO","message":"[10:16:30.322 PM]: Creating new connection object"}
{"level":"INFO","message":"[10:16:30.323 PM]: Creating Connection[id: 1010583f-5ea1-428c-aeb0-634e917ee91c] with host: gv28284.ap-northeast-2.aws.snowflakecomputing.com, account: gv28284, accessUrl: https://gv28284.ap-northeast-2.aws.snowflakecomputing.com, user: HYUNMI21, role: PU_SQL_SAP, database: FNF, schema: SAP_FNF, warehouse: DEV_WH, proxy was not configured, password is provided, region: ap-northeast-2.aws, authenticator: SNOWFLAKE, ocsp mode: FAIL_OPEN, os: win32, os version: 10.0.26200"}
{"level":"INFO","message":"[10:16:30.323 PM]: Connection[id: 1010583f-5ea1-428c-aeb0-634e917ee91c] additional details: passcode in password is provided, passcode is not provided, private key is not provided, application: undefined, client name: snowflake-sdk, client version: 2.3.1, retry timeout: 300, private key path: undefined, private key pass is not provided, client store temporary credential: false, browser response timeout: 120000"}
{"level":"INFO","message":"[10:16:30.324 PM]: Connection[id: 1010583f-5ea1-428c-aeb0-634e917ee91c] - connection object created successfully."}
{"level":"INFO","message":"[10:16:30.324 PM]: Connection[id: 1010583f-5ea1-428c-aeb0-634e917ee91c] - connecting. Associated Snowflake domain: GLOBAL"}
{"level":"INFO","message":"[10:16:30.324 PM]: Connection[id: 1010583f-5ea1-428c-aeb0-634e917ee91c] - authentication successful using: SNOWFLAKE"}
{"level":"INFO","message":"[10:16:30.324 PM]: Connection[id: 1010583f-5ea1-428c-aeb0-634e917ee91c] - connected successfully after 0.78 milliseconds"}
{"level":"INFO","message":"[10:16:34.136 PM]: Creating new connection object"}
{"level":"INFO","message":"[10:16:34.137 PM]: Creating Connection[id: b6d7c89d-5b70-41b5-b544-e3e15df9a5f5] with host: gv28284.ap-northeast-2.aws.snowflakecomputing.com, account: gv28284, accessUrl: https://gv28284.ap-northeast-2.aws.snowflakecomputing.com, user: HYUNMI21, role: PU_SQL_SAP, database: FNF, schema: SAP_FNF, warehouse: DEV_WH, proxy was not configured, password is provided, region: ap-northeast-2.aws, authenticator: SNOWFLAKE, ocsp mode: FAIL_OPEN, os: win32, os version: 10.0.26200"}
{"level":"INFO","message":"[10:16:34.137 PM]: Connection[id: b6d7c89d-5b70-41b5-b544-e3e15df9a5f5] additional details: passcode in password is provided, passcode is not provided, private key is not provided, application: undefined, client name: snowflake-sdk, client version: 2.3.1, retry timeout: 300, private key path: undefined, private key pass is not provided, client store temporary credential: false, browser response timeout: 120000"}
{"level":"INFO","message":"[10:16:34.137 PM]: Connection[id: b6d7c89d-5b70-41b5-b544-e3e15df9a5f5] - connection object created successfully."}
{"level":"INFO","message":"[10:16:34.138 PM]: Connection[id: b6d7c89d-5b70-41b5-b544-e3e15df9a5f5] - connecting. Associated Snowflake domain: GLOBAL"}
{"level":"INFO","message":"[10:16:34.138 PM]: Connection[id: b6d7c89d-5b70-41b5-b544-e3e15df9a5f5] - authentication successful using: SNOWFLAKE"}
{"level":"INFO","message":"[10:16:34.138 PM]: Connection[id: b6d7c89d-5b70-41b5-b544-e3e15df9a5f5] - connected successfully after 0.68 milliseconds"}
{"level":"INFO","message":"[10:16:34.211 PM]: Creating new connection object"}
{"level":"INFO","message":"[10:16:34.211 PM]: Creating Connection[id: f42953e5-6766-49c8-ae08-aa493c73312e] with host: gv28284.ap-northeast-2.aws.snowflakecomputing.com, account: gv28284, accessUrl: https://gv28284.ap-northeast-2.aws.snowflakecomputing.com, user: HYUNMI21, role: PU_SQL_SAP, database: FNF, schema: SAP_FNF, warehouse: DEV_WH, proxy was not configured, password is provided, region: ap-northeast-2.aws, authenticator: SNOWFLAKE, ocsp mode: FAIL_OPEN, os: win32, os version: 10.0.26200"}
{"level":"INFO","message":"[10:16:34.212 PM]: Connection[id: f42953e5-6766-49c8-ae08-aa493c73312e] additional details: passcode in password is provided, passcode is not provided, private key is not provided, application: undefined, client name: snowflake-sdk, client version: 2.3.1, retry timeout: 300, private key path: undefined, private key pass is not provided, client store temporary credential: false, browser response timeout: 120000"}
{"level":"INFO","message":"[10:16:34.212 PM]: Connection[id: f42953e5-6766-49c8-ae08-aa493c73312e] - connection object created successfully."}
{"level":"INFO","message":"[10:16:34.212 PM]: Connection[id: f42953e5-6766-49c8-ae08-aa493c73312e] - connecting. Associated Snowflake domain: GLOBAL"}
{"level":"INFO","message":"[10:16:34.212 PM]: Connection[id: f42953e5-6766-49c8-ae08-aa493c73312e] - authentication successful using: SNOWFLAKE"}
{"level":"INFO","message":"[10:16:34.213 PM]: Connection[id: f42953e5-6766-49c8-ae08-aa493c73312e] - connected successfully after 0.74 milliseconds"}
{"level":"INFO","message":"[10:16:38.049 PM]: Creating new connection object"}
{"level":"INFO","message":"[10:16:38.049 PM]: Creating Connection[id: 78268743-c985-48ce-93e8-4ffe5ca5d684] with host: gv28284.ap-northeast-2.aws.snowflakecomputing.com, account: gv28284, accessUrl: https://gv28284.ap-northeast-2.aws.snowflakecomputing.com, user: HYUNMI21, role: PU_SQL_SAP, database: FNF, schema: SAP_FNF, warehouse: DEV_WH, proxy was not configured, password is provided, region: ap-northeast-2.aws, authenticator: SNOWFLAKE, ocsp mode: FAIL_OPEN, os: win32, os version: 10.0.26200"}
{"level":"INFO","message":"[10:16:38.050 PM]: Connection[id: 78268743-c985-48ce-93e8-4ffe5ca5d684] additional details: passcode in password is provided, passcode is not provided, private key is not provided, application: undefined, client name: snowflake-sdk, client version: 2.3.1, retry timeout: 300, private key path: undefined, private key pass is not provided, client store temporary credential: false, browser response timeout: 120000"}
{"level":"INFO","message":"[10:16:38.050 PM]: Connection[id: 78268743-c985-48ce-93e8-4ffe5ca5d684] - connection object created successfully."}
{"level":"INFO","message":"[10:16:38.050 PM]: Connection[id: 78268743-c985-48ce-93e8-4ffe5ca5d684] - connecting. Associated Snowflake domain: GLOBAL"}
{"level":"INFO","message":"[10:16:38.050 PM]: Connection[id: 78268743-c985-48ce-93e8-4ffe5ca5d684] - authentication successful using: SNOWFLAKE"}
{"level":"INFO","message":"[10:16:38.051 PM]: Connection[id: 78268743-c985-48ce-93e8-4ffe5ca5d684] - connected successfully after 0.83 milliseconds"}
{"level":"INFO","message":"[10:18:16.834 PM]: Creating new connection object"}
{"level":"INFO","message":"[10:18:16.841 PM]: Creating Connection[id: 9bc704a4-1743-4b5d-80d9-3dd87d53e1ed] with host: gv28284.ap-northeast-2.aws.snowflakecomputing.com, account: gv28284, accessUrl: https://gv28284.ap-northeast-2.aws.snowflakecomputing.com, user: HYUNMI21, role: PU_SQL_SAP, database: FNF, schema: SAP_FNF, warehouse: DEV_WH, proxy was not configured, password is provided, region: ap-northeast-2.aws, authenticator: SNOWFLAKE, ocsp mode: FAIL_OPEN, os: win32, os version: 10.0.26200"}
{"level":"INFO","message":"[10:18:16.842 PM]: Connection[id: 9bc704a4-1743-4b5d-80d9-3dd87d53e1ed] additional details: passcode in password is provided, passcode is not provided, private key is not provided, application: undefined, client name: snowflake-sdk, client version: 2.3.1, retry timeout: 300, private key path: undefined, private key pass is not provided, client store temporary credential: false, browser response timeout: 120000"}
{"level":"INFO","message":"[10:18:16.842 PM]: Connection[id: 9bc704a4-1743-4b5d-80d9-3dd87d53e1ed] - connection object created successfully."}
{"level":"INFO","message":"[10:18:16.843 PM]: Connection[id: 9bc704a4-1743-4b5d-80d9-3dd87d53e1ed] - connecting. Associated Snowflake domain: GLOBAL"}
{"level":"INFO","message":"[10:18:16.843 PM]: Connection[id: 9bc704a4-1743-4b5d-80d9-3dd87d53e1ed] - authentication successful using: SNOWFLAKE"}
{"level":"INFO","message":"[10:18:16.843 PM]: Trying to initialize Easy Logging"}
{"level":"INFO","message":"[10:18:16.845 PM]: No client config detected."}
{"level":"INFO","message":"[10:18:16.846 PM]: No config file path found. Client config will not be used."}
{"level":"INFO","message":"[10:18:16.846 PM]: Easy Logging is disabled as no config has been found"}
{"level":"INFO","message":"[10:18:16.848 PM]: Connection[id: 9bc704a4-1743-4b5d-80d9-3dd87d53e1ed] - connected successfully after 5.19 milliseconds"}
{"level":"INFO","message":"[10:18:18.312 PM]: Creating new connection object"}
{"level":"INFO","message":"[10:18:18.313 PM]: Creating Connection[id: 59404f30-e345-4a4d-909c-ba6cb3e2825c] with host: gv28284.ap-northeast-2.aws.snowflakecomputing.com, account: gv28284, accessUrl: https://gv28284.ap-northeast-2.aws.snowflakecomputing.com, user: HYUNMI21, role: PU_SQL_SAP, database: FNF, schema: SAP_FNF, warehouse: DEV_WH, proxy was not configured, password is provided, region: ap-northeast-2.aws, authenticator: SNOWFLAKE, ocsp mode: FAIL_OPEN, os: win32, os version: 10.0.26200"}
{"level":"INFO","message":"[10:18:18.313 PM]: Connection[id: 59404f30-e345-4a4d-909c-ba6cb3e2825c] additional details: passcode in password is provided, passcode is not provided, private key is not provided, application: undefined, client name: snowflake-sdk, client version: 2.3.1, retry timeout: 300, private key path: undefined, private key pass is not provided, client store temporary credential: false, browser response timeout: 120000"}
{"level":"INFO","message":"[10:18:18.313 PM]: Connection[id: 59404f30-e345-4a4d-909c-ba6cb3e2825c] - connection object created successfully."}
{"level":"INFO","message":"[10:18:18.313 PM]: Connection[id: 59404f30-e345-4a4d-909c-ba6cb3e2825c] - connecting. Associated Snowflake domain: GLOBAL"}
{"level":"INFO","message":"[10:18:18.313 PM]: Connection[id: 59404f30-e345-4a4d-909c-ba6cb3e2825c] - authentication successful using: SNOWFLAKE"}
{"level":"INFO","message":"[10:18:18.314 PM]: Connection[id: 59404f30-e345-4a4d-909c-ba6cb3e2825c] - connected successfully after 0.84 milliseconds"}
{"level":"INFO","message":"[10:18:28.524 PM]: Creating new connection object"}
{"level":"INFO","message":"[10:18:28.525 PM]: Creating Connection[id: 1f517131-53ee-46c1-8aff-bd659d0eb823] with host: gv28284.ap-northeast-2.aws.snowflakecomputing.com, account: gv28284, accessUrl: https://gv28284.ap-northeast-2.aws.snowflakecomputing.com, user: HYUNMI21, role: PU_SQL_SAP, database: FNF, schema: SAP_FNF, warehouse: DEV_WH, proxy was not configured, password is provided, region: ap-northeast-2.aws, authenticator: SNOWFLAKE, ocsp mode: FAIL_OPEN, os: win32, os version: 10.0.26200"}
{"level":"INFO","message":"[10:18:28.526 PM]: Connection[id: 1f517131-53ee-46c1-8aff-bd659d0eb823] additional details: passcode in password is provided, passcode is not provided, private key is not provided, application: undefined, client name: snowflake-sdk, client version: 2.3.1, retry timeout: 300, private key path: undefined, private key pass is not provided, client store temporary credential: false, browser response timeout: 120000"}
{"level":"INFO","message":"[10:18:28.526 PM]: Connection[id: 1f517131-53ee-46c1-8aff-bd659d0eb823] - connection object created successfully."}
{"level":"INFO","message":"[10:18:28.526 PM]: Connection[id: 1f517131-53ee-46c1-8aff-bd659d0eb823] - connecting. Associated Snowflake domain: GLOBAL"}
{"level":"INFO","message":"[10:18:28.526 PM]: Connection[id: 1f517131-53ee-46c1-8aff-bd659d0eb823] - authentication successful using: SNOWFLAKE"}
{"level":"INFO","message":"[10:18:28.527 PM]: Connection[id: 1f517131-53ee-46c1-8aff-bd659d0eb823] - connected successfully after 1.01 milliseconds"}
{"level":"INFO","message":"[10:18:32.550 PM]: Creating new connection object"}
{"level":"INFO","message":"[10:18:32.550 PM]: Creating Connection[id: ae55de04-7fb8-4490-b187-f5769ba2b554] with host: gv28284.ap-northeast-2.aws.snowflakecomputing.com, account: gv28284, accessUrl: https://gv28284.ap-northeast-2.aws.snowflakecomputing.com, user: HYUNMI21, role: PU_SQL_SAP, database: FNF, schema: SAP_FNF, warehouse: DEV_WH, proxy was not configured, password is provided, region: ap-northeast-2.aws, authenticator: SNOWFLAKE, ocsp mode: FAIL_OPEN, os: win32, os version: 10.0.26200"}
{"level":"INFO","message":"[10:18:32.551 PM]: Connection[id: ae55de04-7fb8-4490-b187-f5769ba2b554] additional details: passcode in password is provided, passcode is not provided, private key is not provided, application: undefined, client name: snowflake-sdk, client version: 2.3.1, retry timeout: 300, private key path: undefined, private key pass is not provided, client store temporary credential: false, browser response timeout: 120000"}
{"level":"INFO","message":"[10:18:32.551 PM]: Connection[id: ae55de04-7fb8-4490-b187-f5769ba2b554] - connection object created successfully."}
{"level":"INFO","message":"[10:18:32.551 PM]: Connection[id: ae55de04-7fb8-4490-b187-f5769ba2b554] - connecting. Associated Snowflake domain: GLOBAL"}
{"level":"INFO","message":"[10:18:32.551 PM]: Connection[id: ae55de04-7fb8-4490-b187-f5769ba2b554] - authentication successful using: SNOWFLAKE"}
{"level":"INFO","message":"[10:18:32.552 PM]: Connection[id: ae55de04-7fb8-4490-b187-f5769ba2b554] - connected successfully after 0.73 milliseconds"}
{"level":"INFO","message":"[10:18:58.451 PM]: Creating new connection object"}
{"level":"INFO","message":"[10:18:58.457 PM]: Creating Connection[id: f02f8c35-cab6-4b33-a58d-dfd243375fda] with host: gv28284.ap-northeast-2.aws.snowflakecomputing.com, account: gv28284, accessUrl: https://gv28284.ap-northeast-2.aws.snowflakecomputing.com, user: HYUNMI21, role: PU_SQL_SAP, database: FNF, schema: SAP_FNF, warehouse: DEV_WH, proxy was not configured, password is provided, region: ap-northeast-2.aws, authenticator: SNOWFLAKE, ocsp mode: FAIL_OPEN, os: win32, os version: 10.0.26200"}
{"level":"INFO","message":"[10:18:58.457 PM]: Connection[id: f02f8c35-cab6-4b33-a58d-dfd243375fda] additional details: passcode in password is provided, passcode is not provided, private key is not provided, application: undefined, client name: snowflake-sdk, client version: 2.3.1, retry timeout: 300, private key path: undefined, private key pass is not provided, client store temporary credential: false, browser response timeout: 120000"}
{"level":"INFO","message":"[10:18:58.458 PM]: Connection[id: f02f8c35-cab6-4b33-a58d-dfd243375fda] - connection object created successfully."}
{"level":"INFO","message":"[10:18:58.458 PM]: Connection[id: f02f8c35-cab6-4b33-a58d-dfd243375fda] - connecting. Associated Snowflake domain: GLOBAL"}
{"level":"INFO","message":"[10:18:58.458 PM]: Connection[id: f02f8c35-cab6-4b33-a58d-dfd243375fda] - authentication successful using: SNOWFLAKE"}
{"level":"INFO","message":"[10:18:58.459 PM]: Trying to initialize Easy Logging"}
{"level":"INFO","message":"[10:18:58.461 PM]: No client config detected."}
{"level":"INFO","message":"[10:18:58.461 PM]: No config file path found. Client config will not be used."}
{"level":"INFO","message":"[10:18:58.461 PM]: Easy Logging is disabled as no config has been found"}
{"level":"INFO","message":"[10:18:58.463 PM]: Connection[id: f02f8c35-cab6-4b33-a58d-dfd243375fda] - connected successfully after 4.85 milliseconds"}
{"level":"INFO","message":"[10:18:59.765 PM]: Creating new connection object"}
{"level":"INFO","message":"[10:18:59.766 PM]: Creating Connection[id: 07dbdb2c-9382-4b52-9ae1-3a190c865dbe] with host: gv28284.ap-northeast-2.aws.snowflakecomputing.com, account: gv28284, accessUrl: https://gv28284.ap-northeast-2.aws.snowflakecomputing.com, user: HYUNMI21, role: PU_SQL_SAP, database: FNF, schema: SAP_FNF, warehouse: DEV_WH, proxy was not configured, password is provided, region: ap-northeast-2.aws, authenticator: SNOWFLAKE, ocsp mode: FAIL_OPEN, os: win32, os version: 10.0.26200"}
{"level":"INFO","message":"[10:18:59.766 PM]: Connection[id: 07dbdb2c-9382-4b52-9ae1-3a190c865dbe] additional details: passcode in password is provided, passcode is not provided, private key is not provided, application: undefined, client name: snowflake-sdk, client version: 2.3.1, retry timeout: 300, private key path: undefined, private key pass is not provided, client store temporary credential: false, browser response timeout: 120000"}
{"level":"INFO","message":"[10:18:59.766 PM]: Connection[id: 07dbdb2c-9382-4b52-9ae1-3a190c865dbe] - connection object created successfully."}
{"level":"INFO","message":"[10:18:59.766 PM]: Connection[id: 07dbdb2c-9382-4b52-9ae1-3a190c865dbe] - connecting. Associated Snowflake domain: GLOBAL"}
{"level":"INFO","message":"[10:18:59.767 PM]: Connection[id: 07dbdb2c-9382-4b52-9ae1-3a190c865dbe] - authentication successful using: SNOWFLAKE"}
{"level":"INFO","message":"[10:18:59.767 PM]: Connection[id: 07dbdb2c-9382-4b52-9ae1-3a190c865dbe] - connected successfully after 1.06 milliseconds"}
{"level":"INFO","message":"[10:22:39.973 PM]: Creating new connection object"}
{"level":"INFO","message":"[10:22:39.979 PM]: Creating Connection[id: 0864a770-f820-4934-821f-96fa2cc71a9d] with host: gv28284.ap-northeast-2.aws.snowflakecomputing.com, account: gv28284, accessUrl: https://gv28284.ap-northeast-2.aws.snowflakecomputing.com, user: HYUNMI21, role: PU_SQL_SAP, database: FNF, schema: SAP_FNF, warehouse: DEV_WH, proxy was not configured, password is provided, region: ap-northeast-2.aws, authenticator: SNOWFLAKE, ocsp mode: FAIL_OPEN, os: win32, os version: 10.0.26200"}
{"level":"INFO","message":"[10:22:39.979 PM]: Connection[id: 0864a770-f820-4934-821f-96fa2cc71a9d] additional details: passcode in password is provided, passcode is not provided, private key is not provided, application: undefined, client name: snowflake-sdk, client version: 2.3.1, retry timeout: 300, private key path: undefined, private key pass is not provided, client store temporary credential: false, browser response timeout: 120000"}
{"level":"INFO","message":"[10:22:39.980 PM]: Connection[id: 0864a770-f820-4934-821f-96fa2cc71a9d] - connection object created successfully."}
{"level":"INFO","message":"[10:22:39.980 PM]: Connection[id: 0864a770-f820-4934-821f-96fa2cc71a9d] - connecting. Associated Snowflake domain: GLOBAL"}
{"level":"INFO","message":"[10:22:39.980 PM]: Connection[id: 0864a770-f820-4934-821f-96fa2cc71a9d] - authentication successful using: SNOWFLAKE"}
{"level":"INFO","message":"[10:22:39.981 PM]: Trying to initialize Easy Logging"}
{"level":"INFO","message":"[10:22:39.983 PM]: No client config detected."}
{"level":"INFO","message":"[10:22:39.983 PM]: No config file path found. Client config will not be used."}
{"level":"INFO","message":"[10:22:39.983 PM]: Easy Logging is disabled as no config has been found"}
{"level":"INFO","message":"[10:22:39.985 PM]: Connection[id: 0864a770-f820-4934-821f-96fa2cc71a9d] - connected successfully after 5.12 milliseconds"}
{"level":"INFO","message":"[10:22:41.419 PM]: Creating new connection object"}
{"level":"INFO","message":"[10:22:41.420 PM]: Creating Connection[id: f0cefe50-3908-4a57-b37f-c603f84d9a60] with host: gv28284.ap-northeast-2.aws.snowflakecomputing.com, account: gv28284, accessUrl: https://gv28284.ap-northeast-2.aws.snowflakecomputing.com, user: HYUNMI21, role: PU_SQL_SAP, database: FNF, schema: SAP_FNF, warehouse: DEV_WH, proxy was not configured, password is provided, region: ap-northeast-2.aws, authenticator: SNOWFLAKE, ocsp mode: FAIL_OPEN, os: win32, os version: 10.0.26200"}
{"level":"INFO","message":"[10:22:41.421 PM]: Connection[id: f0cefe50-3908-4a57-b37f-c603f84d9a60] additional details: passcode in password is provided, passcode is not provided, private key is not provided, application: undefined, client name: snowflake-sdk, client version: 2.3.1, retry timeout: 300, private key path: undefined, private key pass is not provided, client store temporary credential: false, browser response timeout: 120000"}
{"level":"INFO","message":"[10:22:41.421 PM]: Connection[id: f0cefe50-3908-4a57-b37f-c603f84d9a60] - connection object created successfully."}
{"level":"INFO","message":"[10:22:41.421 PM]: Connection[id: f0cefe50-3908-4a57-b37f-c603f84d9a60] - connecting. Associated Snowflake domain: GLOBAL"}
{"level":"INFO","message":"[10:22:41.421 PM]: Connection[id: f0cefe50-3908-4a57-b37f-c603f84d9a60] - authentication successful using: SNOWFLAKE"}
{"level":"INFO","message":"[10:22:41.422 PM]: Connection[id: f0cefe50-3908-4a57-b37f-c603f84d9a60] - connected successfully after 0.95 milliseconds"}
